<?xml version="1.0" encoding="UTF-8"?>
<!-- Generated by org.testng.reporters.JUnitReportReporter -->
<testsuite hostname="CI0705CD0104QFG" failures="0" tests="1" name="Selenium.SeleniumAutomation.InvalidAccess" time="44.962" errors="0" timestamp="2020-10-14T18:11:39 IST" skipped="0">
  <testcase classname="Selenium.SeleniumAutomation.InvalidAccess" name="invalidgit" time="44.962"/>
  <system-out/>
</testsuite> <!-- Selenium.SeleniumAutomation.InvalidAccess -->
