<?xml version="1.0" encoding="UTF-8"?>
<!-- Generated by org.testng.reporters.JUnitReportReporter -->
<testsuite hostname="CI0705CD0104QFG" failures="0" tests="1" name="FirstProject.TestProject.DeleteFile" time="8.175" errors="0" timestamp="2020-10-12T12:47:54 IST" skipped="0">
  <testcase classname="FirstProject.TestProject.DeleteFile" name="deletefile" time="8.175"/>
  <system-out/>
</testsuite> <!-- FirstProject.TestProject.DeleteFile -->
