<?xml version="1.0" encoding="UTF-8"?>
<!-- Generated by org.testng.reporters.JUnitReportReporter -->
<testsuite hostname="CI0705CD0104QFG" failures="0" tests="1" name="FirstProject.TestProject.CreateFolder" time="9.166" errors="0" timestamp="2020-10-14T16:13:21 IST" skipped="0">
  <testcase classname="FirstProject.TestProject.CreateFolder" name="createfolder" time="9.166"/>
  <system-out/>
</testsuite> <!-- FirstProject.TestProject.CreateFolder -->
