<?xml version="1.0" encoding="UTF-8"?>
<!-- Generated by org.testng.reporters.JUnitReportReporter -->
<testsuite hostname="CI0705CD0104QFG" failures="0" tests="2" name="FirstProject.TestProject.Uploadfile" time="18.420" errors="0" timestamp="2020-10-14T16:25:33 IST" skipped="0">
  <testcase classname="FirstProject.TestProject.Uploadfile" name="updatefile" time="9.579"/>
  <system-out/>
  <testcase classname="FirstProject.TestProject.Uploadfile" name="createfolder" time="8.841"/>
  <system-out/>
</testsuite> <!-- FirstProject.TestProject.Uploadfile -->
